2025-04-14 07:34:20,122 - INFO - ======== Starting Media Bias Analysis Pipeline ========
2025-04-14 07:34:20,123 - INFO - --- Executing module: src.article_scraper ---
2025-04-14 07:41:28,913 - INFO - Successfully executed src.article_scraper in 428.79 seconds.
2025-04-14 07:41:28,913 - INFO - --------------------------------------------------
2025-04-14 07:41:28,914 - INFO - --- Executing module: src.preprocessing ---
2025-04-14 07:41:31,055 - ERROR - Error executing src.preprocessing after 2.14 seconds. Exit code: 1
2025-04-14 07:41:31,056 - ERROR - Stdout: 
2025-04-14 07:41:31,056 - ERROR - Stderr: Traceback (most recent call last):
  File "D:\Ashoka\Monsoon 2024\New Geography of the Infortmation Age\Project\media_bias\src\preprocessing.py", line 36, in download_nltk_data
    nltk.data.find(f'tokenizers/{item}' if item == 'punkt' else f'corpora/{item}')
  File "D:\Ashoka\Monsoon 2024\New Geography of the Infortmation Age\Project\media_bias\.venv38\lib\site-packages\nltk\data.py", line 579, in find
    raise LookupError(resource_not_found)
LookupError: 
**********************************************************************
  Resource [93mwordnet[0m not found.
  Please use the NLTK Downloader to obtain the resource:

  [31m>>> import nltk
  >>> nltk.download('wordnet')
  [0m
  For more information see: https://www.nltk.org/data.html

  Attempted to load [93mcorpora/wordnet[0m

  Searched in:
    - 'C:\\Users\\rathi/nltk_data'
    - 'D:\\Ashoka\\Monsoon 2024\\New Geography of the Infortmation Age\\Project\\media_bias\\.venv38\\nltk_data'
    - 'D:\\Ashoka\\Monsoon 2024\\New Geography of the Infortmation Age\\Project\\media_bias\\.venv38\\share\\nltk_data'
    - 'D:\\Ashoka\\Monsoon 2024\\New Geography of the Infortmation Age\\Project\\media_bias\\.venv38\\lib\\nltk_data'
    - 'C:\\Users\\rathi\\AppData\\Roaming\\nltk_data'
    - 'C:\\nltk_data'
    - 'D:\\nltk_data'
    - 'E:\\nltk_data'
**********************************************************************


During handling of the above exception, another exception occurred:

Traceback (most recent call last):
  File "C:\Program Files\Python38\lib\runpy.py", line 194, in _run_module_as_main
    return _run_code(code, main_globals, None,
  File "C:\Program Files\Python38\lib\runpy.py", line 87, in _run_code
    exec(code, run_globals)
  File "D:\Ashoka\Monsoon 2024\New Geography of the Infortmation Age\Project\media_bias\src\preprocessing.py", line 44, in <module>
    download_nltk_data()
  File "D:\Ashoka\Monsoon 2024\New Geography of the Infortmation Age\Project\media_bias\src\preprocessing.py", line 37, in download_nltk_data
    except nltk.downloader.DownloadError:
AttributeError: module 'nltk.downloader' has no attribute 'DownloadError'

2025-04-14 07:41:31,058 - ERROR - Pipeline halted due to error in src.preprocessing.
2025-04-14 07:41:31,059 - ERROR - ======== Pipeline Failed after 430.94 seconds ========
2025-04-14 07:41:31,059 - INFO - Check individual logs in 'D:\Ashoka\Monsoon 2024\New Geography of the Infortmation Age\Project\media_bias\logs' and results in 'D:\Ashoka\Monsoon 2024\New Geography of the Infortmation Age\Project\media_bias\analysis_results'.
2025-04-19 12:52:26,774 - INFO - ======== Starting Media Bias Analysis Pipeline ========
2025-04-19 12:52:26,775 - INFO - --- Executing module: src.preprocessing ---
2025-04-19 12:52:31,406 - INFO - Successfully executed src.preprocessing in 4.63 seconds.
2025-04-19 12:52:31,406 - INFO - --------------------------------------------------
2025-04-19 12:52:31,406 - INFO - --- Executing module: src.analysis_vader ---
2025-04-19 12:52:47,627 - INFO - Successfully executed src.analysis_vader in 16.22 seconds.
2025-04-19 12:52:47,636 - INFO - --------------------------------------------------
2025-04-19 12:52:47,637 - INFO - --- Executing module: src.analysis_textblob ---
2025-04-19 12:53:02,986 - INFO - Successfully executed src.analysis_textblob in 15.35 seconds.
2025-04-19 12:53:02,993 - INFO - --------------------------------------------------
2025-04-19 12:53:02,993 - INFO - ======== Pipeline Completed Successfully in 36.22 seconds ========
2025-04-19 12:53:02,994 - INFO - Check individual logs in 'D:\Ashoka\Monsoon 2024\New Geography of the Infortmation Age\Project\media_bias\logs' and results in 'D:\Ashoka\Monsoon 2024\New Geography of the Infortmation Age\Project\media_bias\analysis_results'.
2025-04-19 14:24:35,527 - INFO - ======== Starting Media Bias Analysis Pipeline ========
2025-04-19 14:24:35,527 - INFO - --- Executing module: src.analysis_vader ---
2025-04-19 14:24:47,669 - INFO - Successfully executed src.analysis_vader in 12.14 seconds.
2025-04-19 14:24:47,669 - WARNING - Stderr from src.analysis_vader:
D:\Ashoka\Monsoon 2024\New Geography of the Infortmation Age\Project\media_bias\src\analysis_vader.py:645: FutureWarning: 

Passing `palette` without assigning `hue` is deprecated and will be removed in v0.14.0. Assign the `x` variable to `hue` and set `legend=False` for the same effect.

  sns.boxplot(data=df, x='outlet', y='vader_compound', palette='viridis')
D:\Ashoka\Monsoon 2024\New Geography of the Infortmation Age\Project\media_bias\src\analysis_vader.py:705: FutureWarning: 

Passing `palette` without assigning `hue` is deprecated and will be removed in v0.14.0. Assign the `y` variable to `hue` and set `legend=False` for the same effect.

  sns.barplot(data=ner_df, y='Person', x='Count', palette='coolwarm')
D:\Ashoka\Monsoon 2024\New Geography of the Infortmation Age\Project\media_bias\src\analysis_vader.py:713: FutureWarning: 

Passing `palette` without assigning `hue` is deprecated and will be removed in v0.14.0. Assign the `y` variable to `hue` and set `legend=False` for the same effect.

  sns.barplot(data=ner_df, y='Organization', x='Count', palette='coolwarm')
D:\Ashoka\Monsoon 2024\New Geography of the Infortmation Age\Project\media_bias\src\analysis_vader.py:724: FutureWarning: 

Passing `palette` without assigning `hue` is deprecated and will be removed in v0.14.0. Assign the `x` variable to `hue` and set `legend=False` for the same effect.

  sns.barplot(x=party_sentiment_df.index, y=party_sentiment_df['average_vader_compound'], palette='crest')

2025-04-19 14:24:47,669 - INFO - --------------------------------------------------
2025-04-19 14:24:47,669 - INFO - --- Executing module: src.analysis_textblob ---
2025-04-19 14:24:59,829 - INFO - Successfully executed src.analysis_textblob in 12.16 seconds.
2025-04-19 14:24:59,829 - WARNING - Stderr from src.analysis_textblob:
D:\Ashoka\Monsoon 2024\New Geography of the Infortmation Age\Project\media_bias\src\analysis_textblob.py:507: FutureWarning: 

Passing `palette` without assigning `hue` is deprecated and will be removed in v0.14.0. Assign the `x` variable to `hue` and set `legend=False` for the same effect.

  sns.boxplot(data=df, x='outlet', y=sentiment_col, palette='viridis')
D:\Ashoka\Monsoon 2024\New Geography of the Infortmation Age\Project\media_bias\src\analysis_textblob.py:531: FutureWarning: 

Passing `palette` without assigning `hue` is deprecated and will be removed in v0.14.0. Assign the `x` variable to `hue` and set `legend=False` for the same effect.

  sns.boxplot(data=df, x='outlet', y='subjectivity', palette='magma')
D:\Ashoka\Monsoon 2024\New Geography of the Infortmation Age\Project\media_bias\src\analysis_textblob.py:557: FutureWarning: 

Passing `palette` without assigning `hue` is deprecated and will be removed in v0.14.0. Assign the `y` variable to `hue` and set `legend=False` for the same effect.

  plt.figure(figsize=(12, 8)); sns.barplot(data=ner_df, y='Person', x='Count', palette='coolwarm')
D:\Ashoka\Monsoon 2024\New Geography of the Infortmation Age\Project\media_bias\src\analysis_textblob.py:562: FutureWarning: 

Passing `palette` without assigning `hue` is deprecated and will be removed in v0.14.0. Assign the `y` variable to `hue` and set `legend=False` for the same effect.

  plt.figure(figsize=(12, 8)); sns.barplot(data=ner_df, y='Organization', x='Count', palette='coolwarm')
D:\Ashoka\Monsoon 2024\New Geography of the Infortmation Age\Project\media_bias\src\analysis_textblob.py:572: FutureWarning: 

Passing `palette` without assigning `hue` is deprecated and will be removed in v0.14.0. Assign the `x` variable to `hue` and set `legend=False` for the same effect.

  sns.barplot(x=party_sentiment_df.index, y=party_sentiment_df['average_polarity'], palette='crest')

2025-04-19 14:24:59,830 - INFO - --------------------------------------------------
2025-04-19 14:24:59,830 - INFO - ======== Pipeline Completed Successfully in 24.30 seconds ========
2025-04-19 14:24:59,831 - INFO - Check individual logs in 'D:\Ashoka\Monsoon 2024\New Geography of the Infortmation Age\Project\media_bias\logs' and results in 'D:\Ashoka\Monsoon 2024\New Geography of the Infortmation Age\Project\media_bias\analysis_results'.
2025-06-01 02:25:36,855 - INFO - ======== Starting Media Bias Analysis Pipeline ========
2025-06-01 02:25:36,855 - INFO - --- Executing module: src.analysis_vader ---
2025-06-01 02:25:54,335 - INFO - Successfully executed src.analysis_vader in 17.48 seconds.
2025-06-01 02:25:54,335 - WARNING - Stderr from src.analysis_vader:
D:\Ashoka\Monsoon 2024\New Geography of the Infortmation Age\Project\media_bias\src\analysis_vader.py:441: FutureWarning: 

Passing `palette` without assigning `hue` is deprecated and will be removed in v0.14.0. Assign the `x` variable to `hue` and set `legend=False` for the same effect.

  plt.figure(figsize=(14, 8)); sns.boxplot(data=df_sentiment_scores, x='outlet', y=sentiment_col, palette='viridis')
D:\Ashoka\Monsoon 2024\New Geography of the Infortmation Age\Project\media_bias\src\analysis_vader.py:459: FutureWarning: 

Passing `palette` without assigning `hue` is deprecated and will be removed in v0.14.0. Assign the `y` variable to `hue` and set `legend=False` for the same effect.

  plt.figure(figsize=(12, max(8, len(ner_df) * 0.4))); sns.barplot(data=ner_df, y='Person', x='Count', palette='coolwarm')
D:\Ashoka\Monsoon 2024\New Geography of the Infortmation Age\Project\media_bias\src\analysis_vader.py:463: FutureWarning: 

Passing `palette` without assigning `hue` is deprecated and will be removed in v0.14.0. Assign the `y` variable to `hue` and set `legend=False` for the same effect.

  plt.figure(figsize=(12, max(8, len(ner_df) * 0.4))); sns.barplot(data=ner_df, y='Organization', x='Count', palette='coolwarm')
D:\Ashoka\Monsoon 2024\New Geography of the Infortmation Age\Project\media_bias\src\analysis_vader.py:508: FutureWarning: 

Passing `palette` without assigning `hue` is deprecated and will be removed in v0.14.0. Assign the `x` variable to `hue` and set `legend=False` for the same effect.

  sns.violinplot(data=party_data, x='outlet', y=sentiment_col, palette='viridis', inner='quartile')
D:\Ashoka\Monsoon 2024\New Geography of the Infortmation Age\Project\media_bias\src\analysis_vader.py:508: FutureWarning: 

Passing `palette` without assigning `hue` is deprecated and will be removed in v0.14.0. Assign the `x` variable to `hue` and set `legend=False` for the same effect.

  sns.violinplot(data=party_data, x='outlet', y=sentiment_col, palette='viridis', inner='quartile')
D:\Ashoka\Monsoon 2024\New Geography of the Infortmation Age\Project\media_bias\src\analysis_vader.py:508: FutureWarning: 

Passing `palette` without assigning `hue` is deprecated and will be removed in v0.14.0. Assign the `x` variable to `hue` and set `legend=False` for the same effect.

  sns.violinplot(data=party_data, x='outlet', y=sentiment_col, palette='viridis', inner='quartile')

2025-06-01 02:25:54,335 - INFO - --------------------------------------------------
2025-06-01 02:25:54,335 - INFO - --- Executing module: src.analysis_textblob ---
2025-06-01 02:26:11,117 - INFO - Successfully executed src.analysis_textblob in 16.78 seconds.
2025-06-01 02:26:11,117 - WARNING - Stderr from src.analysis_textblob:
D:\Ashoka\Monsoon 2024\New Geography of the Infortmation Age\Project\media_bias\src\analysis_textblob.py:401: FutureWarning: 

Passing `palette` without assigning `hue` is deprecated and will be removed in v0.14.0. Assign the `x` variable to `hue` and set `legend=False` for the same effect.

  plt.figure(figsize=(14,8)); sns.boxplot(data=df_sentiment_scores,x='outlet',y=sentiment_col,palette='viridis')
D:\Ashoka\Monsoon 2024\New Geography of the Infortmation Age\Project\media_bias\src\analysis_textblob.py:409: FutureWarning: 

Passing `palette` without assigning `hue` is deprecated and will be removed in v0.14.0. Assign the `x` variable to `hue` and set `legend=False` for the same effect.

  plt.figure(figsize=(14,8)); sns.boxplot(data=df_sentiment_scores,x='outlet',y='subjectivity',palette='magma')
D:\Ashoka\Monsoon 2024\New Geography of the Infortmation Age\Project\media_bias\src\analysis_textblob.py:422: FutureWarning: 

Passing `palette` without assigning `hue` is deprecated and will be removed in v0.14.0. Assign the `y` variable to `hue` and set `legend=False` for the same effect.

  sns.barplot(data=df_p,y='Person',x='Count',palette='coolwarm'); plt.title(f'Top PERSON Entities',fontsize=16)
D:\Ashoka\Monsoon 2024\New Geography of the Infortmation Age\Project\media_bias\src\analysis_textblob.py:426: FutureWarning: 

Passing `palette` without assigning `hue` is deprecated and will be removed in v0.14.0. Assign the `y` variable to `hue` and set `legend=False` for the same effect.

  sns.barplot(data=df_o,y='Organization',x='Count',palette='coolwarm'); plt.title(f'Top ORGANIZATION Entities',fontsize=16)
D:\Ashoka\Monsoon 2024\New Geography of the Infortmation Age\Project\media_bias\src\analysis_textblob.py:472: FutureWarning: 

Passing `palette` without assigning `hue` is deprecated and will be removed in v0.14.0. Assign the `x` variable to `hue` and set `legend=False` for the same effect.

  sns.violinplot(data=party_data, x='outlet', y=sentiment_col, palette='viridis', inner='quartile')
D:\Ashoka\Monsoon 2024\New Geography of the Infortmation Age\Project\media_bias\src\analysis_textblob.py:472: FutureWarning: 

Passing `palette` without assigning `hue` is deprecated and will be removed in v0.14.0. Assign the `x` variable to `hue` and set `legend=False` for the same effect.

  sns.violinplot(data=party_data, x='outlet', y=sentiment_col, palette='viridis', inner='quartile')
D:\Ashoka\Monsoon 2024\New Geography of the Infortmation Age\Project\media_bias\src\analysis_textblob.py:472: FutureWarning: 

Passing `palette` without assigning `hue` is deprecated and will be removed in v0.14.0. Assign the `x` variable to `hue` and set `legend=False` for the same effect.

  sns.violinplot(data=party_data, x='outlet', y=sentiment_col, palette='viridis', inner='quartile')

2025-06-01 02:26:11,117 - INFO - --------------------------------------------------
2025-06-01 02:26:11,117 - INFO - ======== Pipeline Completed Successfully in 34.26 seconds ========
2025-06-01 02:26:11,117 - INFO - Check individual logs in 'D:\Ashoka\Monsoon 2024\New Geography of the Infortmation Age\Project\media_bias\logs' and results in 'D:\Ashoka\Monsoon 2024\New Geography of the Infortmation Age\Project\media_bias\analysis_results'.
